<?xml version="1.0" encoding="UTF-8"?>
<!-- Generated by org.testng.reporters.JUnitReportReporter -->
<testsuite skipped="0" hostname="MOHAN-LAPTOP" name="com.yalla.testcases.TC001_LoginAndLogout" tests="2" failures="0" timestamp="23 Mar 2019 13:06:37 GMT" time="44.042" errors="0">
  <testcase name="loginAndLogout" time="22.807" classname="com.yalla.testcases.TC001_LoginAndLogout"/>
  <testcase name="loginAndLogout" time="21.235" classname="com.yalla.testcases.TC001_LoginAndLogout"/>
</testsuite> <!-- com.yalla.testcases.TC001_LoginAndLogout -->
