<?xml version="1.0" encoding="UTF-8"?>
<!-- Generated by org.testng.reporters.JUnitReportReporter -->
<testsuite skipped="0" hostname="MOHAN-LAPTOP" name="com.yalla.testcases.TC001_LoginAndLogout" tests="2" failures="0" timestamp="24 Mar 2019 12:49:05 GMT" time="66.521" errors="0">
  <testcase name="loginAndLogout" time="33.935" classname="com.yalla.testcases.TC001_LoginAndLogout"/>
  <testcase name="loginAndLogout" time="32.586" classname="com.yalla.testcases.TC001_LoginAndLogout"/>
</testsuite> <!-- com.yalla.testcases.TC001_LoginAndLogout -->
